[01m[K/home/alejandro/catkin_ws/src/mis_programas/src/control_velocidad.cpp:[m[K In function â€˜[01m[Kvoid odom_callback(const ConstPtr&)[m[Kâ€™:
[01m[K/home/alejandro/catkin_ws/src/mis_programas/src/control_velocidad.cpp:69:18:[m[K [01;31m[Kerror: [m[Kâ€˜[01m[Ka[m[Kâ€™ was not declared in this scope
     std::cout << a << '\n';
[01;32m[K                  ^[m[K
make[2]: *** [CMakeFiles/control_velocidad.dir/src/control_velocidad.cpp.o] Error 1
make[1]: *** [CMakeFiles/control_velocidad.dir/all] Error 2
make: *** [all] Error 2
