[01m[K/home/alejandro/catkin_ws/src/mis_programas/src/control_velocidad.cpp:[m[K In function â€˜[01m[Kvoid odom_callback(const ConstPtr&)[m[Kâ€™:
[01m[K/home/alejandro/catkin_ws/src/mis_programas/src/control_velocidad.cpp:96:26:[m[K [01;31m[Kerror: [m[Kno matching function for call to â€˜[01m[Kros::Rate::sleep(double)[m[Kâ€™
     ros::Rate::sleep (0.1);
[01;32m[K                          ^[m[K
In file included from [01m[K/opt/ros/kinetic/include/ros/ros.h:39:0[m[K,
                 from [01m[K/home/alejandro/catkin_ws/src/mis_programas/src/control_velocidad.cpp:1[m[K:
[01m[K/opt/ros/kinetic/include/ros/rate.h:65:8:[m[K [01;36m[Knote: [m[Kcandidate: bool ros::Rate::sleep()
   bool sleep();
[01;32m[K        ^[m[K
[01m[K/opt/ros/kinetic/include/ros/rate.h:65:8:[m[K [01;36m[Knote: [m[K  candidate expects 0 arguments, 1 provided
make[2]: *** [CMakeFiles/control_velocidad.dir/src/control_velocidad.cpp.o] Error 1
make[1]: *** [CMakeFiles/control_velocidad.dir/all] Error 2
make: *** [all] Error 2
